<?xml version="1.0" encoding="UTF-8"?>
<testsuite name="testpac.TestPac" tests="1" skipped="0" failures="0" errors="0" timestamp="2021-03-18T08:11:48" hostname="DESKTOP-T7JVGTG" time="0.041">
  <properties/>
  <testcase name="testStr()" classname="testpac.TestPac" time="0.041"/>
  <system-out><![CDATA[----------------
true
false
true
false
]]></system-out>
  <system-err><![CDATA[]]></system-err>
</testsuite>
